2020-10-28 13:51:48.7248 DEBUG debug message
2020-10-28 13:51:48.8048 INFO info message
2020-10-28 13:51:48.8048 WARN warn message
2020-10-28 13:51:48.8048 ERROR error message
2020-10-28 13:51:48.8048 FATAL fatal message
2020-10-28 13:51:48.9434 DEBUG debug message
2020-10-28 13:51:48.9434 INFO info message
2020-10-28 13:51:48.9434 WARN warn message
2020-10-28 13:51:48.9434 ERROR error message
2020-10-28 13:51:48.9434 FATAL fatal message
2020-10-28 13:52:40.1749 DEBUG debug message
2020-10-28 13:52:40.2014 INFO info message
2020-10-28 13:52:40.2014 WARN warn message
2020-10-28 13:52:40.2165 ERROR error message
2020-10-28 13:52:40.2165 FATAL fatal message
2020-10-28 13:52:41.7773 DEBUG debug message
2020-10-28 13:52:41.7773 INFO info message
2020-10-28 13:52:41.7773 WARN warn message
2020-10-28 13:52:41.7773 ERROR error message
2020-10-28 13:52:41.7773 FATAL fatal message
2020-10-28 13:53:38.4262 DEBUG debug message
2020-10-28 13:53:38.4524 INFO info message
2020-10-28 13:53:38.4524 WARN warn message
2020-10-28 13:53:38.4524 ERROR error message
2020-10-28 13:53:38.4541 FATAL fatal message
2020-10-28 13:54:34.9062 DEBUG debug message
2020-10-28 13:54:34.9728 INFO info message
2020-10-28 13:54:34.9728 WARN warn message
2020-10-28 13:54:34.9728 ERROR error message
2020-10-28 13:54:34.9728 FATAL fatal message
2020-10-28 13:54:36.6536 DEBUG debug message
2020-10-28 13:54:36.6536 INFO info message
2020-10-28 13:54:36.6536 WARN warn message
2020-10-28 13:54:36.6536 ERROR error message
2020-10-28 13:54:36.6536 FATAL fatal message
